<?xml version="1.0" encoding="UTF-8"?>
<testng-results ignored="0" total="3" passed="2" failed="1" skipped="0">
  <reporter-output>
  </reporter-output>
  <suite started-at="2022-05-31T20:47:48 EDT" name="Suite" finished-at="2022-05-31T20:48:38 EDT" duration-ms="50193">
    <groups>
    </groups>
    <test started-at="2022-05-31T20:47:48 EDT" name="homepage" finished-at="2022-05-31T20:48:22 EDT" duration-ms="33452">
      <class name="Academy.HomePage">
        <test-method is-config="true" signature="initailize()[pri:0, instance:Academy.HomePage@4f8caaf3]" started-at="2022-05-31T20:47:48 EDT" name="initailize" finished-at="2022-05-31T20:48:09 EDT" duration-ms="20677" status="PASS">
          <reporter-output>
          </reporter-output>
        </test-method> <!-- initailize -->
        <test-method signature="basePagenavigation(java.lang.String,java.lang.String)[pri:0, instance:Academy.HomePage@4f8caaf3]" started-at="2022-05-31T20:48:09 EDT" name="basePagenavigation" data-provider="getdata" finished-at="2022-05-31T20:48:22 EDT" duration-ms="12572" status="PASS">
          <params>
            <param index="0">
              <value>
                <![CDATA[abc@qw.com]]>
              </value>
            </param>
            <param index="1">
              <value>
                <![CDATA[123456]]>
              </value>
            </param>
          </params>
          <reporter-output>
          </reporter-output>
        </test-method> <!-- basePagenavigation -->
        <test-method is-config="true" signature="closeborwser()[pri:0, instance:Academy.HomePage@4f8caaf3]" started-at="2022-05-31T20:48:22 EDT" name="closeborwser" finished-at="2022-05-31T20:48:22 EDT" duration-ms="119" status="PASS">
          <reporter-output>
          </reporter-output>
        </test-method> <!-- closeborwser -->
      </class> <!-- Academy.HomePage -->
    </test> <!-- homepage -->
    <test started-at="2022-05-31T20:47:48 EDT" name="NavigationBar" finished-at="2022-05-31T20:48:38 EDT" duration-ms="49908">
      <class name="Academy.NavigationBarTestCase">
        <test-method is-config="true" signature="initailize()[pri:0, instance:Academy.NavigationBarTestCase@30457e14]" started-at="2022-05-31T20:47:48 EDT" name="initailize" finished-at="2022-05-31T20:48:33 EDT" duration-ms="45134" status="PASS">
          <reporter-output>
          </reporter-output>
        </test-method> <!-- initailize -->
        <test-method signature="Title()[pri:0, instance:Academy.NavigationBarTestCase@30457e14]" started-at="2022-05-31T20:48:33 EDT" name="Title" finished-at="2022-05-31T20:48:38 EDT" duration-ms="4507" status="PASS">
          <reporter-output>
          </reporter-output>
        </test-method> <!-- Title -->
        <test-method is-config="true" signature="closeborwser()[pri:0, instance:Academy.NavigationBarTestCase@30457e14]" started-at="2022-05-31T20:48:38 EDT" name="closeborwser" finished-at="2022-05-31T20:48:38 EDT" duration-ms="256" status="PASS">
          <reporter-output>
          </reporter-output>
        </test-method> <!-- closeborwser -->
      </class> <!-- Academy.NavigationBarTestCase -->
    </test> <!-- NavigationBar -->
    <test started-at="2022-05-31T20:47:48 EDT" name="Title" finished-at="2022-05-31T20:48:38 EDT" duration-ms="50193">
      <class name="Academy.Titlepage">
        <test-method is-config="true" signature="initailize()[pri:0, instance:Academy.Titlepage@66f66866]" started-at="2022-05-31T20:47:48 EDT" name="initailize" finished-at="2022-05-31T20:48:34 EDT" duration-ms="45286" status="PASS">
          <reporter-output>
          </reporter-output>
        </test-method> <!-- initailize -->
        <test-method signature="Title()[pri:0, instance:Academy.Titlepage@66f66866]" started-at="2022-05-31T20:48:34 EDT" name="Title" finished-at="2022-05-31T20:48:38 EDT" duration-ms="4380" status="FAIL">
          <exception class="java.lang.AssertionError">
            <message>
              <![CDATA[expected:<FEATURED COURSES> but was:<FEATURED COURSES1514>]]>
            </message>
            <full-stacktrace>
              <![CDATA[java.lang.AssertionError: expected:<FEATURED COURSES> but was:<FEATURED COURSES1514>
at org.testng.AssertJUnit.assertEquals(AssertJUnit.java:115)
at org.testng.AssertJUnit.assertEquals(AssertJUnit.java:125)
at Academy.Titlepage.Title(Titlepage.java:53)
at java.base/jdk.internal.reflect.NativeMethodAccessorImpl.invoke0(Native Method)
at java.base/jdk.internal.reflect.NativeMethodAccessorImpl.invoke(NativeMethodAccessorImpl.java:77)
at java.base/jdk.internal.reflect.DelegatingMethodAccessorImpl.invoke(DelegatingMethodAccessorImpl.java:43)
at java.base/java.lang.reflect.Method.invoke(Method.java:568)
at org.testng.internal.invokers.MethodInvocationHelper.invokeMethod(MethodInvocationHelper.java:135)
at org.testng.internal.invokers.TestInvoker.invokeMethod(TestInvoker.java:673)
at org.testng.internal.invokers.TestInvoker.invokeTestMethod(TestInvoker.java:220)
at org.testng.internal.invokers.MethodRunner.runInSequence(MethodRunner.java:50)
at org.testng.internal.invokers.TestInvoker$MethodInvocationAgent.invoke(TestInvoker.java:945)
at org.testng.internal.invokers.TestInvoker.invokeTestMethods(TestInvoker.java:193)
at org.testng.internal.invokers.TestMethodWorker.invokeTestMethods(TestMethodWorker.java:146)
at org.testng.internal.invokers.TestMethodWorker.run(TestMethodWorker.java:128)
at java.base/java.util.ArrayList.forEach(ArrayList.java:1511)
at org.testng.TestRunner.privateRun(TestRunner.java:808)
at org.testng.TestRunner.run(TestRunner.java:603)
at org.testng.SuiteRunner.runTest(SuiteRunner.java:429)
at org.testng.SuiteRunner.access$000(SuiteRunner.java:32)
at org.testng.SuiteRunner$SuiteWorker.run(SuiteRunner.java:467)
at org.testng.internal.thread.ThreadUtil.lambda$execute$0(ThreadUtil.java:58)
at java.base/java.util.concurrent.FutureTask.run(FutureTask.java:264)
at java.base/java.util.concurrent.ThreadPoolExecutor.runWorker(ThreadPoolExecutor.java:1136)
at java.base/java.util.concurrent.ThreadPoolExecutor$Worker.run(ThreadPoolExecutor.java:635)
at java.base/java.lang.Thread.run(Thread.java:833)
]]>
            </full-stacktrace>
          </exception> <!-- java.lang.AssertionError -->
          <reporter-output>
          </reporter-output>
        </test-method> <!-- Title -->
        <test-method is-config="true" signature="closeborwser()[pri:0, instance:Academy.Titlepage@66f66866]" started-at="2022-05-31T20:48:38 EDT" name="closeborwser" finished-at="2022-05-31T20:48:38 EDT" duration-ms="171" status="PASS">
          <reporter-output>
          </reporter-output>
        </test-method> <!-- closeborwser -->
      </class> <!-- Academy.Titlepage -->
    </test> <!-- Title -->
  </suite> <!-- Suite -->
</testng-results>
